<?xml version="1.0" encoding="UTF-8"?>
<testsuite xmlns:xsi="http://www.w3.org/2001/XMLSchema-instance" xsi:noNamespaceSchemaLocation="https://maven.apache.org/surefire/maven-surefire-plugin/xsd/surefire-test-report-3.0.xsd" version="3.0" name="com.runner.TestRunner" time="4.815" tests="31" errors="1" skipped="29" failures="1">
  <properties>
[...]
</properties>
  <testcase name="the user is logged into the school admin dashboard" classname="Verify Student Information in Dashboards with CSV File" time="0.0">
    <skipped type="io.cucumber.junit.SkippedThrowable"><![CDATA[io.cucumber.junit.SkippedThrowable: This step is skipped
]]></skipped>
    <system-out><![CDATA[
@StudentInformation
Scenario: Verify Student Information in Dashboards with CSV File                               # src/test/resources/Features/TC1_StudentInformation.feature:9
      java.lang.Error: Unresolved compilation problem: 
	Cannot switch on a value of type String for source level below 1.7. Only convertible int values or enum variables are permitted

	at com.base.BaseClass.getDriver(BaseClass.java:366)
	at com.stepdefinition.HooksClass.beforeScenario(HooksClass.java:21)

]]></system-out>
    <system-err><![CDATA[SLF4J: No SLF4J providers were found.
SLF4J: Defaulting to no-operation (NOP) logger implementation
SLF4J: See https://www.slf4j.org/codes.html#noProviders for further details.
]]></system-err>
  </testcase>
  <testcase name="the user is logged into the teacher dashboard" classname="Verify Student Information in Dashboards with CSV File" time="0.0">
    <skipped type="io.cucumber.junit.SkippedThrowable"><![CDATA[io.cucumber.junit.SkippedThrowable: This step is skipped
]]></skipped>
    <system-out><![CDATA[  Given the user is logged into the school admin dashboard                                     # com.stepdefinition.TC1_StudentInformationStep.theUserIsLoggedIntoTheSchoolAdminDashboard()
]]></system-out>
  </testcase>
  <testcase name="the user is logged into the principal dashboard" classname="Verify Student Information in Dashboards with CSV File" time="0.0">
    <skipped type="io.cucumber.junit.SkippedThrowable"><![CDATA[io.cucumber.junit.SkippedThrowable: This step is skipped
]]></skipped>
    <system-out><![CDATA[  And the user is logged into the teacher dashboard                                            # com.stepdefinition.TC1_StudentInformationStep.theUserIsLoggedIntoTheTeacherDashboard()
]]></system-out>
  </testcase>
  <testcase name="the user navigates to the create student profile page in the School Admin Dashboard" classname="Verify Student Information in Dashboards with CSV File" time="0.0">
    <skipped type="io.cucumber.junit.SkippedThrowable"><![CDATA[io.cucumber.junit.SkippedThrowable: This step is skipped
]]></skipped>
    <system-out><![CDATA[  And the user is logged into the principal dashboard                                          # com.stepdefinition.TC1_StudentInformationStep.theUserIsLoggedIntoThePrincipalDashboard()
]]></system-out>
  </testcase>
  <testcase name="the user creates a new student profile in the School Admin Dashboard" classname="Verify Student Information in Dashboards with CSV File" time="0.0">
    <skipped type="io.cucumber.junit.SkippedThrowable"><![CDATA[io.cucumber.junit.SkippedThrowable: This step is skipped
]]></skipped>
    <system-out><![CDATA[  When the user navigates to the create student profile page in the School Admin Dashboard     # com.stepdefinition.TC1_StudentInformationStep.theUserNavigatesToTheCreateStudentProfilePageInTheSchoolAdminDashboard()
]]></system-out>
  </testcase>
  <testcase name="the user navigates to the Student Management of School Admin Dashboard" classname="Verify Student Information in Dashboards with CSV File" time="0.0">
    <skipped type="io.cucumber.junit.SkippedThrowable"><![CDATA[io.cucumber.junit.SkippedThrowable: This step is skipped
]]></skipped>
    <system-out><![CDATA[  And the user creates a new student profile in the School Admin Dashboard                     # com.stepdefinition.TC1_StudentInformationStep.theUserCreatesANewStudentProfileInTheSchoolAdminDashboard()
]]></system-out>
  </testcase>
  <testcase name="the user verifies Student ID with Student Id in the CSV File" classname="Verify Student Information in Dashboards with CSV File" time="0.0">
    <skipped type="io.cucumber.junit.SkippedThrowable"><![CDATA[io.cucumber.junit.SkippedThrowable: This step is skipped
]]></skipped>
    <system-out><![CDATA[  When the user navigates to the Student Management of School Admin Dashboard                  # com.stepdefinition.TC1_StudentInformationStep.theUserNavigatesToTheStudentManagementOfSchoolAdminDashboard()
]]></system-out>
  </testcase>
  <testcase name="the user identifies and records the Student Details in School Admin Dashboard" classname="Verify Student Information in Dashboards with CSV File" time="0.0">
    <skipped type="io.cucumber.junit.SkippedThrowable"><![CDATA[io.cucumber.junit.SkippedThrowable: This step is skipped
]]></skipped>
    <system-out><![CDATA[  Then the user verifies Student ID with Student Id in the CSV File                            # com.stepdefinition.TC1_StudentInformationStep.theUserVerifiesStudentIDWithStudentIdInTheCSVFile()
]]></system-out>
  </testcase>
  <testcase name="the user identifies and records the Parent Details in School Admin Dashboard" classname="Verify Student Information in Dashboards with CSV File" time="0.0">
    <skipped type="io.cucumber.junit.SkippedThrowable"><![CDATA[io.cucumber.junit.SkippedThrowable: This step is skipped
]]></skipped>
    <system-out><![CDATA[  And the user identifies and records the Student Details in School Admin Dashboard            # com.stepdefinition.TC1_StudentInformationStep.theUserIdentifiesAndRecordsTheStudentDetailsInSchoolAdminDashboard()
]]></system-out>
  </testcase>
  <testcase name="the user identifies and records the Class Details in School Admin Dashboard" classname="Verify Student Information in Dashboards with CSV File" time="0.0">
    <skipped type="io.cucumber.junit.SkippedThrowable"><![CDATA[io.cucumber.junit.SkippedThrowable: This step is skipped
]]></skipped>
    <system-out><![CDATA[  And the user identifies and records the Parent Details in School Admin Dashboard             # com.stepdefinition.TC1_StudentInformationStep.theUserIdentifiesAndRecordsTheParentDetailsInSchoolAdminDashboard()
]]></system-out>
  </testcase>
  <testcase name="the user should verify the Student Details in School Admin Dashboard with CSV File" classname="Verify Student Information in Dashboards with CSV File" time="0.0">
    <skipped type="io.cucumber.junit.SkippedThrowable"><![CDATA[io.cucumber.junit.SkippedThrowable: This step is skipped
]]></skipped>
    <system-out><![CDATA[  And the user identifies and records the Class Details in School Admin Dashboard              # com.stepdefinition.TC1_StudentInformationStep.theUserIdentifiesAndRecordsTheClassDetailsInSchoolAdminDashboard()
]]></system-out>
  </testcase>
  <testcase name="the user should verify the Parent Details in School Admin Dashboard with CSV File" classname="Verify Student Information in Dashboards with CSV File" time="0.0">
    <skipped type="io.cucumber.junit.SkippedThrowable"><![CDATA[io.cucumber.junit.SkippedThrowable: This step is skipped
]]></skipped>
    <system-out><![CDATA[  Then the user should verify the Student Details in School Admin Dashboard with CSV File      # com.stepdefinition.TC1_StudentInformationStep.theUserShouldVerifyTheStudentDetailsInSchoolAdminDashboardWithCSVFile()
]]></system-out>
  </testcase>
  <testcase name="the user should verify the Class Details in School Admin Dashboard with CSV File" classname="Verify Student Information in Dashboards with CSV File" time="0.0">
    <skipped type="io.cucumber.junit.SkippedThrowable"><![CDATA[io.cucumber.junit.SkippedThrowable: This step is skipped
]]></skipped>
    <system-out><![CDATA[  And the user should verify the Parent Details in School Admin Dashboard with CSV File        # com.stepdefinition.TC1_StudentInformationStep.theUserShouldVerifyTheParentDetailsInSchoolAdminDashboardWithCSVFile()
]]></system-out>
  </testcase>
  <testcase name="the user navigates to the Student Details page in the Teacher Dashboard" classname="Verify Student Information in Dashboards with CSV File" time="0.0">
    <skipped type="io.cucumber.junit.SkippedThrowable"><![CDATA[io.cucumber.junit.SkippedThrowable: This step is skipped
]]></skipped>
    <system-out><![CDATA[  And the user should verify the Class Details in School Admin Dashboard with CSV File         # com.stepdefinition.TC1_StudentInformationStep.theUserShouldVerifyTheClassDetailsInSchoolAdminDashboardWithCSVFile()
]]></system-out>
  </testcase>
  <testcase name="the user verifies Student ID in the Teacher Dashboard with Student Id in the CSV File" classname="Verify Student Information in Dashboards with CSV File" time="0.0">
    <skipped type="io.cucumber.junit.SkippedThrowable"><![CDATA[io.cucumber.junit.SkippedThrowable: This step is skipped
]]></skipped>
    <system-out><![CDATA[  When the user navigates to the Student Details page in the Teacher Dashboard                 # com.stepdefinition.TC1_StudentInformationStep.theUserNavigatesToTheStudentDetailsPageInTheTeacherDashboard()
]]></system-out>
  </testcase>
  <testcase name="the user identifies and records the student details in Teacher Dashboard" classname="Verify Student Information in Dashboards with CSV File" time="0.0">
    <skipped type="io.cucumber.junit.SkippedThrowable"><![CDATA[io.cucumber.junit.SkippedThrowable: This step is skipped
]]></skipped>
    <system-out><![CDATA[  Then the user verifies Student ID in the Teacher Dashboard with Student Id in the CSV File   # com.stepdefinition.TC1_StudentInformationStep.theUserVerifiesStudentIDInTheTeacherDashboardWithStudentIdInTheCSVFile()
]]></system-out>
  </testcase>
  <testcase name="the user identifies and records the Parent Details in Teacher Dashboard" classname="Verify Student Information in Dashboards with CSV File" time="0.0">
    <skipped type="io.cucumber.junit.SkippedThrowable"><![CDATA[io.cucumber.junit.SkippedThrowable: This step is skipped
]]></skipped>
    <system-out><![CDATA[  And the user identifies and records the student details in Teacher Dashboard                 # com.stepdefinition.TC1_StudentInformationStep.theUserIdentifiesAndRecordsTheStudentDetailsInTeacherDashboard()
]]></system-out>
  </testcase>
  <testcase name="the user identifies and records the Class Details in Teacher Dashboard" classname="Verify Student Information in Dashboards with CSV File" time="0.0">
    <skipped type="io.cucumber.junit.SkippedThrowable"><![CDATA[io.cucumber.junit.SkippedThrowable: This step is skipped
]]></skipped>
    <system-out><![CDATA[  And the user identifies and records the Parent Details in Teacher Dashboard                  # com.stepdefinition.TC1_StudentInformationStep.theUserIdentifiesAndRecordsTheParentDetailsInTeacherDashboard()
]]></system-out>
  </testcase>
  <testcase name="the user should verify the Student Details in Teacher Dashboard with CSV File" classname="Verify Student Information in Dashboards with CSV File" time="0.0">
    <skipped type="io.cucumber.junit.SkippedThrowable"><![CDATA[io.cucumber.junit.SkippedThrowable: This step is skipped
]]></skipped>
    <system-out><![CDATA[  And the user identifies and records the Class Details in Teacher Dashboard                   # com.stepdefinition.TC1_StudentInformationStep.theUserIdentifiesAndRecordsTheClassDetailsInTeacherDashboard()
]]></system-out>
  </testcase>
  <testcase name="the user should verify the Parent Details in Teacher Dashboard with CSV File" classname="Verify Student Information in Dashboards with CSV File" time="0.0">
    <skipped type="io.cucumber.junit.SkippedThrowable"><![CDATA[io.cucumber.junit.SkippedThrowable: This step is skipped
]]></skipped>
    <system-out><![CDATA[  Then the user should verify the Student Details in Teacher Dashboard with CSV File           # com.stepdefinition.TC1_StudentInformationStep.theUserShouldVerifyTheStudentDetailsInTeacherDashboardWithCSVFile()
]]></system-out>
  </testcase>
  <testcase name="the user should verify the Class Details in Teacher Dashboard with CSV File" classname="Verify Student Information in Dashboards with CSV File" time="0.0">
    <skipped type="io.cucumber.junit.SkippedThrowable"><![CDATA[io.cucumber.junit.SkippedThrowable: This step is skipped
]]></skipped>
    <system-out><![CDATA[  And the user should verify the Parent Details in Teacher Dashboard with CSV File             # com.stepdefinition.TC1_StudentInformationStep.theUserShouldVerifyTheParentDetailsInTeacherDashboardWithCSVFile()
]]></system-out>
  </testcase>
  <testcase name="the user navigates to the Student Page of Principal Dashboard" classname="Verify Student Information in Dashboards with CSV File" time="0.0">
    <skipped type="io.cucumber.junit.SkippedThrowable"><![CDATA[io.cucumber.junit.SkippedThrowable: This step is skipped
]]></skipped>
    <system-out><![CDATA[  And the user should verify the Class Details in Teacher Dashboard with CSV File              # com.stepdefinition.TC1_StudentInformationStep.theUserShouldVerifyTheClassDetailsInTeacherDashboardWithCSVFile()
]]></system-out>
  </testcase>
  <testcase name="the user verifies Student ID in the Principal Dashboard with Student Id in the CSV File" classname="Verify Student Information in Dashboards with CSV File" time="0.0">
    <skipped type="io.cucumber.junit.SkippedThrowable"><![CDATA[io.cucumber.junit.SkippedThrowable: This step is skipped
]]></skipped>
    <system-out><![CDATA[  When the user navigates to the Student Page of Principal Dashboard                           # com.stepdefinition.TC1_StudentInformationStep.theUserNavigatesToTheStudentPageOfPrincipalDashboard()
]]></system-out>
  </testcase>
  <testcase name="the user identifies and records the student details in Principal Dashboard" classname="Verify Student Information in Dashboards with CSV File" time="0.0">
    <skipped type="io.cucumber.junit.SkippedThrowable"><![CDATA[io.cucumber.junit.SkippedThrowable: This step is skipped
]]></skipped>
    <system-out><![CDATA[  Then the user verifies Student ID in the Principal Dashboard with Student Id in the CSV File # com.stepdefinition.TC1_StudentInformationStep.theUserVerifiesStudentIDInThePrincipalDashboardWithStudentIdInTheCSVFile()
]]></system-out>
  </testcase>
  <testcase name="the user identifies and records the Parent Details in Principal Dashboard" classname="Verify Student Information in Dashboards with CSV File" time="0.0">
    <skipped type="io.cucumber.junit.SkippedThrowable"><![CDATA[io.cucumber.junit.SkippedThrowable: This step is skipped
]]></skipped>
    <system-out><![CDATA[  And the user identifies and records the student details in Principal Dashboard               # com.stepdefinition.TC1_StudentInformationStep.theUserIdentifiesAndRecordsTheStudentDetailsInPrincipalDashboard()
]]></system-out>
  </testcase>
  <testcase name="the user identifies and records the Class Details in Principal Dashboard" classname="Verify Student Information in Dashboards with CSV File" time="0.0">
    <skipped type="io.cucumber.junit.SkippedThrowable"><![CDATA[io.cucumber.junit.SkippedThrowable: This step is skipped
]]></skipped>
    <system-out><![CDATA[  And the user identifies and records the Parent Details in Principal Dashboard                # com.stepdefinition.TC1_StudentInformationStep.theUserIdentifiesAndRecordsTheParentDetailsInPrincipalDashboard()
]]></system-out>
  </testcase>
  <testcase name="the user should verify the Student Details in Principal Dashboard with CSV File" classname="Verify Student Information in Dashboards with CSV File" time="0.0">
    <skipped type="io.cucumber.junit.SkippedThrowable"><![CDATA[io.cucumber.junit.SkippedThrowable: This step is skipped
]]></skipped>
    <system-out><![CDATA[  And the user identifies and records the Class Details in Principal Dashboard                 # com.stepdefinition.TC1_StudentInformationStep.theUserIdentifiesAndRecordsTheClassDetailsInPrincipalDashboard()
]]></system-out>
  </testcase>
  <testcase name="the user should verify the Parent Details in Principal Dashboard with CSV File" classname="Verify Student Information in Dashboards with CSV File" time="0.0">
    <skipped type="io.cucumber.junit.SkippedThrowable"><![CDATA[io.cucumber.junit.SkippedThrowable: This step is skipped
]]></skipped>
    <system-out><![CDATA[  Then the user should verify the Student Details in Principal Dashboard with CSV File         # com.stepdefinition.TC1_StudentInformationStep.theUserShouldVerifyTheStudentDetailsInPrincipalDashboardWithCSVFile()
]]></system-out>
  </testcase>
  <testcase name="the user should verify the Class Details in Principal Dashboard with CSV File" classname="Verify Student Information in Dashboards with CSV File" time="0.0">
    <skipped type="io.cucumber.junit.SkippedThrowable"><![CDATA[io.cucumber.junit.SkippedThrowable: This step is skipped
]]></skipped>
    <system-out><![CDATA[  And the user should verify the Parent Details in Principal Dashboard with CSV File           # com.stepdefinition.TC1_StudentInformationStep.theUserShouldVerifyTheParentDetailsInPrincipalDashboardWithCSVFile()
]]></system-out>
  </testcase>
  <testcase name="Verify Student Information in Dashboards with CSV File" classname="Verify Student Details, Parent Details, Class Details in Dashboards with CSV File" time="0.023">
    <failure message="Multiple Failures (2 failures)&#10;	java.lang.Error: Unresolved compilation problem: &#10;	Cannot switch on a value of type String for source level below 1.7. Only convertible int values or enum variables are permitted&#10;&#10;	java.lang.NullPointerException: Cannot invoke &quot;org.openqa.selenium.TakesScreenshot.getScreenshotAs(org.openqa.selenium.OutputType)&quot; because &quot;ts&quot; is null" type="org.opentest4j.MultipleFailuresError"><![CDATA[org.opentest4j.MultipleFailuresError: 
Multiple Failures (2 failures)
	java.lang.Error: Unresolved compilation problem: 
	Cannot switch on a value of type String for source level below 1.7. Only convertible int values or enum variables are permitted

	java.lang.NullPointerException: Cannot invoke "org.openqa.selenium.TakesScreenshot.getScreenshotAs(org.openqa.selenium.OutputType)" because "ts" is null
	at org.junit.vintage.engine.execution.TestRun.getStoredResultOrSuccessful(TestRun.java:200)
	at org.junit.vintage.engine.execution.RunListenerAdapter.fireExecutionFinished(RunListenerAdapter.java:248)
	at org.junit.vintage.engine.execution.RunListenerAdapter.testFinished(RunListenerAdapter.java:214)
	at org.junit.vintage.engine.execution.RunListenerAdapter.testFinished(RunListenerAdapter.java:88)
	at org.junit.runner.notification.SynchronizedRunListener.testFinished(SynchronizedRunListener.java:87)
	at org.junit.runner.notification.RunNotifier$9.notifyListener(RunNotifier.java:225)
	at org.junit.runner.notification.RunNotifier$SafeNotifier.run(RunNotifier.java:72)
	at org.junit.runner.notification.RunNotifier.fireTestFinished(RunNotifier.java:222)
	at io.cucumber.junit.FeatureRunner.runChild(FeatureRunner.java:150)
	at io.cucumber.junit.FeatureRunner.runChild(FeatureRunner.java:28)
	at org.junit.runners.ParentRunner$4.run(ParentRunner.java:331)
	at org.junit.runners.ParentRunner$1.schedule(ParentRunner.java:79)
	at org.junit.runners.ParentRunner.runChildren(ParentRunner.java:329)
	at org.junit.runners.ParentRunner.access$100(ParentRunner.java:66)
	at org.junit.runners.ParentRunner$2.evaluate(ParentRunner.java:293)
	at org.junit.runners.ParentRunner$3.evaluate(ParentRunner.java:306)
	at org.junit.runners.ParentRunner.run(ParentRunner.java:413)
	at io.cucumber.junit.FeatureRunner.run(FeatureRunner.java:137)
	at io.cucumber.junit.Cucumber.runChild(Cucumber.java:196)
	at io.cucumber.junit.Cucumber.runChild(Cucumber.java:89)
	at org.junit.runners.ParentRunner$4.run(ParentRunner.java:331)
	at org.junit.runners.ParentRunner$1.schedule(ParentRunner.java:79)
	at org.junit.runners.ParentRunner.runChildren(ParentRunner.java:329)
	at org.junit.runners.ParentRunner.access$100(ParentRunner.java:66)
	at org.junit.runners.ParentRunner$2.evaluate(ParentRunner.java:293)
	at io.cucumber.core.runtime.CucumberExecutionContext.lambda$runFeatures$6(CucumberExecutionContext.java:148)
	at io.cucumber.core.runtime.CucumberExecutionContext.execute(CucumberExecutionContext.java:163)
	at io.cucumber.core.runtime.CucumberExecutionContext.runFeatures(CucumberExecutionContext.java:146)
	at io.cucumber.junit.Cucumber$StartAndFinishTestRun.evaluate(Cucumber.java:226)
	at org.junit.internal.runners.statements.RunAfters.evaluate(RunAfters.java:27)
	at org.junit.runners.ParentRunner$3.evaluate(ParentRunner.java:306)
	at org.junit.runners.ParentRunner.run(ParentRunner.java:413)
	at org.junit.runner.JUnitCore.run(JUnitCore.java:137)
	at org.junit.runner.JUnitCore.run(JUnitCore.java:115)
	at org.junit.vintage.engine.execution.RunnerExecutor.execute(RunnerExecutor.java:42)
	at org.junit.vintage.engine.VintageTestEngine.executeAllChildren(VintageTestEngine.java:80)
	at org.junit.vintage.engine.VintageTestEngine.execute(VintageTestEngine.java:72)
	at org.junit.platform.launcher.core.EngineExecutionOrchestrator.execute(EngineExecutionOrchestrator.java:147)
	at org.junit.platform.launcher.core.EngineExecutionOrchestrator.execute(EngineExecutionOrchestrator.java:127)
	at org.junit.platform.launcher.core.EngineExecutionOrchestrator.execute(EngineExecutionOrchestrator.java:90)
	at org.junit.platform.launcher.core.EngineExecutionOrchestrator.lambda$execute$0(EngineExecutionOrchestrator.java:55)
	at org.junit.platform.launcher.core.EngineExecutionOrchestrator.withInterceptedStreams(EngineExecutionOrchestrator.java:102)
	at org.junit.platform.launcher.core.EngineExecutionOrchestrator.execute(EngineExecutionOrchestrator.java:54)
	at org.junit.platform.launcher.core.DefaultLauncher.execute(DefaultLauncher.java:114)
	at org.junit.platform.launcher.core.DefaultLauncher.execute(DefaultLauncher.java:86)
	at org.junit.platform.launcher.core.DefaultLauncherSession$DelegatingLauncher.execute(DefaultLauncherSession.java:86)
	at org.apache.maven.surefire.junitplatform.LazyLauncher.execute(LazyLauncher.java:56)
	at org.apache.maven.surefire.junitplatform.JUnitPlatformProvider.execute(JUnitPlatformProvider.java:184)
	at org.apache.maven.surefire.junitplatform.JUnitPlatformProvider.invokeAllTests(JUnitPlatformProvider.java:148)
	at org.apache.maven.surefire.junitplatform.JUnitPlatformProvider.invoke(JUnitPlatformProvider.java:122)
	at org.apache.maven.surefire.booter.ForkedBooter.runSuitesInProcess(ForkedBooter.java:385)
	at org.apache.maven.surefire.booter.ForkedBooter.execute(ForkedBooter.java:162)
	at org.apache.maven.surefire.booter.ForkedBooter.run(ForkedBooter.java:507)
	at org.apache.maven.surefire.booter.ForkedBooter.main(ForkedBooter.java:495)
	Suppressed: java.lang.Error: Unresolved compilation problem: 
	Cannot switch on a value of type String for source level below 1.7. Only convertible int values or enum variables are permitted

		at com.base.BaseClass.getDriver(BaseClass.java:366)
		at com.stepdefinition.HooksClass.beforeScenario(HooksClass.java:21)
	Suppressed: java.lang.NullPointerException: Cannot invoke "org.openqa.selenium.TakesScreenshot.getScreenshotAs(org.openqa.selenium.OutputType)" because "ts" is null
		at com.base.BaseClass.Screenshot(BaseClass.java:432)
		at com.stepdefinition.HooksClass.afterScenario(HooksClass.java:31)
]]></failure>
    <system-out><![CDATA[  And the user should verify the Class Details in Principal Dashboard with CSV File            # com.stepdefinition.TC1_StudentInformationStep.theUserShouldVerifyTheClassDetailsInPrincipalDashboardWithCSVFile()
      java.lang.NullPointerException: Cannot invoke "org.openqa.selenium.TakesScreenshot.getScreenshotAs(org.openqa.selenium.OutputType)" because "ts" is null
	at com.base.BaseClass.Screenshot(BaseClass.java:432)
	at com.stepdefinition.HooksClass.afterScenario(HooksClass.java:31)

]]></system-out>
  </testcase>
  <testcase name="" classname="com.runner.TestRunner" time="4.815">
    <error message="javax.mail.MessagingException: IOException while sending message;&#10;  nested exception is:&#10;	java.io.FileNotFoundException: /Users/mullai/eclipse-workspace/GreatifyWebAutomation/test-output/SparkReport/Index.html (No such file or directory)" type="java.lang.RuntimeException"><![CDATA[java.lang.RuntimeException: 
javax.mail.MessagingException: IOException while sending message;
  nested exception is:
	java.io.FileNotFoundException: /Users/mullai/eclipse-workspace/GreatifyWebAutomation/test-output/SparkReport/Index.html (No such file or directory)
	at com.pages.EmailReport.main(EmailReport.java:146)
	at com.runner.TestRunner.afterClass(TestRunner.java:25)
	at java.base/jdk.internal.reflect.NativeMethodAccessorImpl.invoke0(Native Method)
	at java.base/jdk.internal.reflect.NativeMethodAccessorImpl.invoke(NativeMethodAccessorImpl.java:77)
	at java.base/jdk.internal.reflect.DelegatingMethodAccessorImpl.invoke(DelegatingMethodAccessorImpl.java:43)
	at java.base/java.lang.reflect.Method.invoke(Method.java:568)
	at org.junit.runners.model.FrameworkMethod$1.runReflectiveCall(FrameworkMethod.java:59)
	at org.junit.internal.runners.model.ReflectiveCallable.run(ReflectiveCallable.java:12)
	at org.junit.runners.model.FrameworkMethod.invokeExplosively(FrameworkMethod.java:56)
	at org.junit.internal.runners.statements.RunAfters.invokeMethod(RunAfters.java:46)
	at org.junit.internal.runners.statements.RunAfters.evaluate(RunAfters.java:33)
	at org.junit.runners.ParentRunner$3.evaluate(ParentRunner.java:306)
	at org.junit.runners.ParentRunner.run(ParentRunner.java:413)
	at org.junit.runner.JUnitCore.run(JUnitCore.java:137)
	at org.junit.runner.JUnitCore.run(JUnitCore.java:115)
	at org.junit.vintage.engine.execution.RunnerExecutor.execute(RunnerExecutor.java:42)
	at org.junit.vintage.engine.VintageTestEngine.executeAllChildren(VintageTestEngine.java:80)
	at org.junit.vintage.engine.VintageTestEngine.execute(VintageTestEngine.java:72)
	at org.junit.platform.launcher.core.EngineExecutionOrchestrator.execute(EngineExecutionOrchestrator.java:147)
	at org.junit.platform.launcher.core.EngineExecutionOrchestrator.execute(EngineExecutionOrchestrator.java:127)
	at org.junit.platform.launcher.core.EngineExecutionOrchestrator.execute(EngineExecutionOrchestrator.java:90)
	at org.junit.platform.launcher.core.EngineExecutionOrchestrator.lambda$execute$0(EngineExecutionOrchestrator.java:55)
	at org.junit.platform.launcher.core.EngineExecutionOrchestrator.withInterceptedStreams(EngineExecutionOrchestrator.java:102)
	at org.junit.platform.launcher.core.EngineExecutionOrchestrator.execute(EngineExecutionOrchestrator.java:54)
	at org.junit.platform.launcher.core.DefaultLauncher.execute(DefaultLauncher.java:114)
	at org.junit.platform.launcher.core.DefaultLauncher.execute(DefaultLauncher.java:86)
	at org.junit.platform.launcher.core.DefaultLauncherSession$DelegatingLauncher.execute(DefaultLauncherSession.java:86)
	at org.apache.maven.surefire.junitplatform.LazyLauncher.execute(LazyLauncher.java:56)
	at org.apache.maven.surefire.junitplatform.JUnitPlatformProvider.execute(JUnitPlatformProvider.java:184)
	at org.apache.maven.surefire.junitplatform.JUnitPlatformProvider.invokeAllTests(JUnitPlatformProvider.java:148)
	at org.apache.maven.surefire.junitplatform.JUnitPlatformProvider.invoke(JUnitPlatformProvider.java:122)
	at org.apache.maven.surefire.booter.ForkedBooter.runSuitesInProcess(ForkedBooter.java:385)
	at org.apache.maven.surefire.booter.ForkedBooter.execute(ForkedBooter.java:162)
	at org.apache.maven.surefire.booter.ForkedBooter.run(ForkedBooter.java:507)
	at org.apache.maven.surefire.booter.ForkedBooter.main(ForkedBooter.java:495)
Caused by: javax.mail.MessagingException: IOException while sending message;
  nested exception is:
	java.io.FileNotFoundException: /Users/mullai/eclipse-workspace/GreatifyWebAutomation/test-output/SparkReport/Index.html (No such file or directory)
	at com.sun.mail.smtp.SMTPTransport.sendMessage(SMTPTransport.java:1365)
	at javax.mail.Transport.send0(Transport.java:255)
	at javax.mail.Transport.send(Transport.java:124)
	at com.pages.EmailReport.main(EmailReport.java:140)
	... 34 more
Caused by: java.io.FileNotFoundException: /Users/mullai/eclipse-workspace/GreatifyWebAutomation/test-output/SparkReport/Index.html (No such file or directory)
	at java.base/java.io.FileInputStream.open0(Native Method)
	at java.base/java.io.FileInputStream.open(FileInputStream.java:216)
	at java.base/java.io.FileInputStream.<init>(FileInputStream.java:157)
	at javax.activation.FileDataSource.getInputStream(FileDataSource.java:97)
	at javax.activation.DataHandler.writeTo(DataHandler.java:304)
	at javax.mail.internet.MimeBodyPart.writeTo(MimeBodyPart.java:1694)
	at javax.mail.internet.MimeBodyPart.writeTo(MimeBodyPart.java:996)
	at javax.mail.internet.MimeMultipart.writeTo(MimeMultipart.java:561)
	at com.sun.mail.handlers.multipart_mixed.writeTo(multipart_mixed.java:84)
	at javax.activation.ObjectDataContentHandler.writeTo(DataHandler.java:883)
	at javax.activation.DataHandler.writeTo(DataHandler.java:316)
	at javax.mail.internet.MimeBodyPart.writeTo(MimeBodyPart.java:1694)
	at javax.mail.internet.MimeMessage.writeTo(MimeMessage.java:1913)
	at com.sun.mail.smtp.SMTPTransport.sendMessage(SMTPTransport.java:1315)
	... 37 more
]]></error>
    <system-err><![CDATA[javax.net.ssl|DEBUG|10|main|2024-01-09 13:04:46.788 IST|SSLCipher.java:466|jdk.tls.keyLimits:  entry = AES/GCM/NoPadding KeyUpdate 2^37. AES/GCM/NOPADDING:KEYUPDATE = 137438953472
javax.net.ssl|DEBUG|10|main|2024-01-09 13:04:46.794 IST|SSLCipher.java:466|jdk.tls.keyLimits:  entry =  ChaCha20-Poly1305 KeyUpdate 2^37. CHACHA20-POLY1305:KEYUPDATE = 137438953472
javax.net.ssl|DEBUG|10|main|2024-01-09 13:04:47.100 IST|SSLCipher.java:1870|KeyLimit read side: algorithm = AES/GCM/NOPADDING:KEYUPDATE
countdown value = 137438953472
javax.net.ssl|DEBUG|10|main|2024-01-09 13:04:47.101 IST|SSLCipher.java:2024|KeyLimit write side: algorithm = AES/GCM/NOPADDING:KEYUPDATE
countdown value = 137438953472
javax.net.ssl|DEBUG|10|main|2024-01-09 13:04:47.232 IST|SSLCipher.java:1870|KeyLimit read side: algorithm = AES/GCM/NOPADDING:KEYUPDATE
countdown value = 137438953472
javax.net.ssl|DEBUG|10|main|2024-01-09 13:04:47.239 IST|SSLCipher.java:2024|KeyLimit write side: algorithm = AES/GCM/NOPADDING:KEYUPDATE
countdown value = 137438953472
javax.net.ssl|DEBUG|10|main|2024-01-09 13:04:49.606 IST|SSLSocketImpl.java:577|duplex close of SSLSocket
javax.net.ssl|DEBUG|10|main|2024-01-09 13:04:49.614 IST|SSLSocketImpl.java:1785|close the SSL connection (passive)
]]></system-err>
  </testcase>
</testsuite>